mode: set
github.com/cilium/tetragon/pkg/policyfilter/state.go:55.13,57.61 1 1
github.com/cilium/tetragon/pkg/policyfilter/state.go:57.61,59.46 1 0
github.com/cilium/tetragon/pkg/policyfilter/state.go:59.46,62.5 2 0
github.com/cilium/tetragon/pkg/policyfilter/state.go:85.32,88.2 2 1
github.com/cilium/tetragon/pkg/policyfilter/state.go:106.44,108.32 2 1
github.com/cilium/tetragon/pkg/policyfilter/state.go:111.2,111.12 1 1
github.com/cilium/tetragon/pkg/policyfilter/state.go:108.32,110.3 1 1
github.com/cilium/tetragon/pkg/policyfilter/state.go:117.62,119.43 2 1
github.com/cilium/tetragon/pkg/policyfilter/state.go:127.2,127.12 1 1
github.com/cilium/tetragon/pkg/policyfilter/state.go:119.43,121.17 2 1
github.com/cilium/tetragon/pkg/policyfilter/state.go:121.17,125.4 3 1
github.com/cilium/tetragon/pkg/policyfilter/state.go:130.53,131.48 1 1
github.com/cilium/tetragon/pkg/policyfilter/state.go:131.48,132.38 1 1
github.com/cilium/tetragon/pkg/policyfilter/state.go:132.38,134.4 1 1
github.com/cilium/tetragon/pkg/policyfilter/state.go:138.53,139.48 1 1
github.com/cilium/tetragon/pkg/policyfilter/state.go:144.2,144.58 1 1
github.com/cilium/tetragon/pkg/policyfilter/state.go:139.48,140.38 1 1
github.com/cilium/tetragon/pkg/policyfilter/state.go:140.38,142.4 1 0
github.com/cilium/tetragon/pkg/policyfilter/state.go:147.52,148.48 1 1
github.com/cilium/tetragon/pkg/policyfilter/state.go:153.2,153.14 1 1
github.com/cilium/tetragon/pkg/policyfilter/state.go:148.48,149.38 1 1
github.com/cilium/tetragon/pkg/policyfilter/state.go:149.38,151.4 1 1
github.com/cilium/tetragon/pkg/policyfilter/state.go:157.89,158.32 1 1
github.com/cilium/tetragon/pkg/policyfilter/state.go:187.2,187.14 1 1
github.com/cilium/tetragon/pkg/policyfilter/state.go:158.32,160.34 2 1
github.com/cilium/tetragon/pkg/policyfilter/state.go:165.3,165.19 1 0
github.com/cilium/tetragon/pkg/policyfilter/state.go:170.3,170.62 1 0
github.com/cilium/tetragon/pkg/policyfilter/state.go:179.3,184.54 1 0
github.com/cilium/tetragon/pkg/policyfilter/state.go:160.34,161.12 1 1
github.com/cilium/tetragon/pkg/policyfilter/state.go:165.19,167.4 1 0
github.com/cilium/tetragon/pkg/policyfilter/state.go:170.62,173.4 1 0
github.com/cilium/tetragon/pkg/policyfilter/state.go:202.75,203.51 1 1
github.com/cilium/tetragon/pkg/policyfilter/state.go:207.2,207.41 1 1
github.com/cilium/tetragon/pkg/policyfilter/state.go:203.51,205.3 1 1
github.com/cilium/tetragon/pkg/policyfilter/state.go:210.54,212.2 1 1
github.com/cilium/tetragon/pkg/policyfilter/state.go:233.28,239.2 2 1
github.com/cilium/tetragon/pkg/policyfilter/state.go:244.19,252.16 4 1
github.com/cilium/tetragon/pkg/policyfilter/state.go:256.2,256.17 1 1
github.com/cilium/tetragon/pkg/policyfilter/state.go:252.16,254.3 1 0
github.com/cilium/tetragon/pkg/policyfilter/state.go:261.47,264.16 3 1
github.com/cilium/tetragon/pkg/policyfilter/state.go:269.2,272.16 4 1
github.com/cilium/tetragon/pkg/policyfilter/state.go:264.16,267.3 2 0
github.com/cilium/tetragon/pkg/policyfilter/state.go:272.16,278.3 1 0
github.com/cilium/tetragon/pkg/policyfilter/state.go:281.71,283.34 1 1
github.com/cilium/tetragon/pkg/policyfilter/state.go:283.34,285.11 2 1
github.com/cilium/tetragon/pkg/policyfilter/state.go:289.4,289.27 1 1
github.com/cilium/tetragon/pkg/policyfilter/state.go:285.11,288.5 2 0
github.com/cilium/tetragon/pkg/policyfilter/state.go:292.48,294.11 2 1
github.com/cilium/tetragon/pkg/policyfilter/state.go:298.4,298.27 1 1
github.com/cilium/tetragon/pkg/policyfilter/state.go:294.11,297.5 2 0
github.com/cilium/tetragon/pkg/policyfilter/state.go:300.37,303.11 2 1
github.com/cilium/tetragon/pkg/policyfilter/state.go:307.4,308.18 2 1
github.com/cilium/tetragon/pkg/policyfilter/state.go:313.4,315.18 3 1
github.com/cilium/tetragon/pkg/policyfilter/state.go:303.11,306.5 2 0
github.com/cilium/tetragon/pkg/policyfilter/state.go:308.18,311.5 2 0
github.com/cilium/tetragon/pkg/policyfilter/state.go:315.18,320.5 1 0
github.com/cilium/tetragon/pkg/policyfilter/state.go:325.76,327.2 1 0
github.com/cilium/tetragon/pkg/policyfilter/state.go:330.31,332.2 1 1
github.com/cilium/tetragon/pkg/policyfilter/state.go:334.49,335.28 1 1
github.com/cilium/tetragon/pkg/policyfilter/state.go:340.2,340.12 1 1
github.com/cilium/tetragon/pkg/policyfilter/state.go:335.28,336.29 1 1
github.com/cilium/tetragon/pkg/policyfilter/state.go:336.29,338.4 1 1
github.com/cilium/tetragon/pkg/policyfilter/state.go:344.48,345.33 1 1
github.com/cilium/tetragon/pkg/policyfilter/state.go:351.2,351.12 1 0
github.com/cilium/tetragon/pkg/policyfilter/state.go:345.33,346.19 1 1
github.com/cilium/tetragon/pkg/policyfilter/state.go:346.19,349.4 2 1
github.com/cilium/tetragon/pkg/policyfilter/state.go:355.44,356.24 1 1
github.com/cilium/tetragon/pkg/policyfilter/state.go:361.2,361.12 1 1
github.com/cilium/tetragon/pkg/policyfilter/state.go:356.24,357.25 1 1
github.com/cilium/tetragon/pkg/policyfilter/state.go:357.25,359.4 1 1
github.com/cilium/tetragon/pkg/policyfilter/state.go:364.43,365.29 1 1
github.com/cilium/tetragon/pkg/policyfilter/state.go:371.2,371.12 1 0
github.com/cilium/tetragon/pkg/policyfilter/state.go:365.29,366.19 1 1
github.com/cilium/tetragon/pkg/policyfilter/state.go:366.19,369.4 2 1
github.com/cilium/tetragon/pkg/policyfilter/state.go:375.107,379.40 3 1
github.com/cilium/tetragon/pkg/policyfilter/state.go:383.2,384.16 2 1
github.com/cilium/tetragon/pkg/policyfilter/state.go:387.2,396.24 4 1
github.com/cilium/tetragon/pkg/policyfilter/state.go:409.2,410.16 2 1
github.com/cilium/tetragon/pkg/policyfilter/state.go:417.2,419.12 2 1
github.com/cilium/tetragon/pkg/policyfilter/state.go:379.40,381.3 1 0
github.com/cilium/tetragon/pkg/policyfilter/state.go:384.16,386.3 1 0
github.com/cilium/tetragon/pkg/policyfilter/state.go:396.24,398.34 2 1
github.com/cilium/tetragon/pkg/policyfilter/state.go:401.3,401.36 1 1
github.com/cilium/tetragon/pkg/policyfilter/state.go:404.3,405.33 2 1
github.com/cilium/tetragon/pkg/policyfilter/state.go:398.34,399.12 1 1
github.com/cilium/tetragon/pkg/policyfilter/state.go:401.36,403.4 1 1
github.com/cilium/tetragon/pkg/policyfilter/state.go:410.16,411.35 1 0
github.com/cilium/tetragon/pkg/policyfilter/state.go:414.3,414.65 1 0
github.com/cilium/tetragon/pkg/policyfilter/state.go:411.35,413.4 1 0
github.com/cilium/tetragon/pkg/policyfilter/state.go:423.49,427.19 4 1
github.com/cilium/tetragon/pkg/policyfilter/state.go:433.2,433.46 1 1
github.com/cilium/tetragon/pkg/policyfilter/state.go:437.2,437.24 1 1
github.com/cilium/tetragon/pkg/policyfilter/state.go:442.2,442.12 1 1
github.com/cilium/tetragon/pkg/policyfilter/state.go:427.19,429.3 1 1
github.com/cilium/tetragon/pkg/policyfilter/state.go:429.8,431.3 1 0
github.com/cilium/tetragon/pkg/policyfilter/state.go:433.46,435.3 1 0
github.com/cilium/tetragon/pkg/policyfilter/state.go:437.24,440.3 2 1
github.com/cilium/tetragon/pkg/policyfilter/state.go:445.41,446.14 1 0
github.com/cilium/tetragon/pkg/policyfilter/state.go:449.2,449.30 1 0
github.com/cilium/tetragon/pkg/policyfilter/state.go:446.14,448.3 1 0
github.com/cilium/tetragon/pkg/policyfilter/state.go:457.93,462.38 3 1
github.com/cilium/tetragon/pkg/policyfilter/state.go:495.2,495.21 1 1
github.com/cilium/tetragon/pkg/policyfilter/state.go:505.2,513.47 3 1
github.com/cilium/tetragon/pkg/policyfilter/state.go:462.38,464.25 2 1
github.com/cilium/tetragon/pkg/policyfilter/state.go:468.3,468.46 1 1
github.com/cilium/tetragon/pkg/policyfilter/state.go:478.3,478.21 1 1
github.com/cilium/tetragon/pkg/policyfilter/state.go:491.3,492.34 2 1
github.com/cilium/tetragon/pkg/policyfilter/state.go:464.25,466.4 1 1
github.com/cilium/tetragon/pkg/policyfilter/state.go:468.46,475.12 2 0
github.com/cilium/tetragon/pkg/policyfilter/state.go:478.21,479.74 1 1
github.com/cilium/tetragon/pkg/policyfilter/state.go:479.74,485.13 2 0
github.com/cilium/tetragon/pkg/policyfilter/state.go:486.10,488.5 1 1
github.com/cilium/tetragon/pkg/policyfilter/state.go:495.21,502.3 2 1
github.com/cilium/tetragon/pkg/policyfilter/state.go:513.47,515.17 2 1
github.com/cilium/tetragon/pkg/policyfilter/state.go:524.3,524.56 1 1
github.com/cilium/tetragon/pkg/policyfilter/state.go:515.17,521.12 2 0
github.com/cilium/tetragon/pkg/policyfilter/state.go:524.56,530.4 1 0
github.com/cilium/tetragon/pkg/policyfilter/state.go:534.92,542.28 3 1
github.com/cilium/tetragon/pkg/policyfilter/state.go:548.2,548.12 1 1
github.com/cilium/tetragon/pkg/policyfilter/state.go:542.28,544.30 2 1
github.com/cilium/tetragon/pkg/policyfilter/state.go:544.30,546.4 1 1
github.com/cilium/tetragon/pkg/policyfilter/state.go:555.130,560.16 4 1
github.com/cilium/tetragon/pkg/policyfilter/state.go:573.2,574.12 2 1
github.com/cilium/tetragon/pkg/policyfilter/state.go:560.16,568.3 2 1
github.com/cilium/tetragon/pkg/policyfilter/state.go:568.8,568.39 1 1
github.com/cilium/tetragon/pkg/policyfilter/state.go:568.39,571.3 1 0
github.com/cilium/tetragon/pkg/policyfilter/state.go:579.89,581.26 1 1
github.com/cilium/tetragon/pkg/policyfilter/state.go:585.2,586.28 2 1
github.com/cilium/tetragon/pkg/policyfilter/state.go:591.2,591.47 1 1
github.com/cilium/tetragon/pkg/policyfilter/state.go:581.26,583.3 1 1
github.com/cilium/tetragon/pkg/policyfilter/state.go:586.28,588.3 1 1
github.com/cilium/tetragon/pkg/policyfilter/state.go:591.47,593.17 2 1
github.com/cilium/tetragon/pkg/policyfilter/state.go:602.3,602.60 1 1
github.com/cilium/tetragon/pkg/policyfilter/state.go:593.17,599.12 2 0
github.com/cilium/tetragon/pkg/policyfilter/state.go:602.60,609.4 1 0
github.com/cilium/tetragon/pkg/policyfilter/state.go:614.72,619.16 4 1
github.com/cilium/tetragon/pkg/policyfilter/state.go:624.2,625.26 2 1
github.com/cilium/tetragon/pkg/policyfilter/state.go:628.2,629.12 2 1
github.com/cilium/tetragon/pkg/policyfilter/state.go:619.16,622.3 2 0
github.com/cilium/tetragon/pkg/policyfilter/state.go:625.26,627.3 1 0
github.com/cilium/tetragon/pkg/policyfilter/state.go:633.43,638.16 4 1
github.com/cilium/tetragon/pkg/policyfilter/state.go:642.2,643.12 2 1
github.com/cilium/tetragon/pkg/policyfilter/state.go:638.16,641.3 2 0
github.com/cilium/tetragon/pkg/policyfilter/state.go:656.86,660.28 4 1
github.com/cilium/tetragon/pkg/policyfilter/state.go:675.2,679.3 1 1
github.com/cilium/tetragon/pkg/policyfilter/state.go:660.28,663.47 3 1
github.com/cilium/tetragon/pkg/policyfilter/state.go:663.47,665.21 2 1
github.com/cilium/tetragon/pkg/policyfilter/state.go:665.21,668.5 1 1
github.com/cilium/tetragon/pkg/policyfilter/state.go:669.9,669.26 1 1
github.com/cilium/tetragon/pkg/policyfilter/state.go:669.26,672.4 1 1
github.com/cilium/tetragon/pkg/policyfilter/state.go:687.76,689.74 1 1
github.com/cilium/tetragon/pkg/policyfilter/state.go:693.2,694.47 2 1
github.com/cilium/tetragon/pkg/policyfilter/state.go:705.2,705.49 1 1
github.com/cilium/tetragon/pkg/policyfilter/state.go:715.2,715.50 1 1
github.com/cilium/tetragon/pkg/policyfilter/state.go:689.74,691.3 1 0
github.com/cilium/tetragon/pkg/policyfilter/state.go:694.47,695.63 1 1
github.com/cilium/tetragon/pkg/policyfilter/state.go:695.63,702.4 1 0
github.com/cilium/tetragon/pkg/policyfilter/state.go:705.49,706.63 1 1
github.com/cilium/tetragon/pkg/policyfilter/state.go:706.63,713.4 1 0
github.com/cilium/tetragon/pkg/policyfilter/state.go:718.82,723.38 2 1
github.com/cilium/tetragon/pkg/policyfilter/state.go:727.2,729.47 3 1
github.com/cilium/tetragon/pkg/policyfilter/state.go:738.2,738.32 1 1
github.com/cilium/tetragon/pkg/policyfilter/state.go:744.2,744.31 1 1
github.com/cilium/tetragon/pkg/policyfilter/state.go:723.38,725.3 1 1
github.com/cilium/tetragon/pkg/policyfilter/state.go:729.47,731.39 2 1
github.com/cilium/tetragon/pkg/policyfilter/state.go:731.39,733.4 1 1
github.com/cilium/tetragon/pkg/policyfilter/state.go:733.9,735.4 1 1
github.com/cilium/tetragon/pkg/policyfilter/state.go:738.32,739.12 1 1
github.com/cilium/tetragon/pkg/policyfilter/state.go:739.12,741.4 1 1
github.com/cilium/tetragon/pkg/policyfilter/state.go:753.112,764.16 5 1
github.com/cilium/tetragon/pkg/policyfilter/state.go:776.2,776.31 1 1
github.com/cilium/tetragon/pkg/policyfilter/state.go:790.2,791.29 2 1
github.com/cilium/tetragon/pkg/policyfilter/state.go:799.2,800.12 2 1
github.com/cilium/tetragon/pkg/policyfilter/state.go:764.16,767.3 2 1
github.com/cilium/tetragon/pkg/policyfilter/state.go:767.8,767.39 1 1
github.com/cilium/tetragon/pkg/policyfilter/state.go:767.39,770.3 1 0
github.com/cilium/tetragon/pkg/policyfilter/state.go:776.31,786.3 4 1
github.com/cilium/tetragon/pkg/policyfilter/state.go:791.29,793.27 2 1
github.com/cilium/tetragon/pkg/policyfilter/state.go:796.3,796.51 1 1
github.com/cilium/tetragon/pkg/policyfilter/state.go:793.27,795.4 1 0
github.com/cilium/tetragon/pkg/policyfilter/cgroupid.go:24.86,26.65 2 0
github.com/cilium/tetragon/pkg/policyfilter/cgroupid.go:34.2,35.28 2 0
github.com/cilium/tetragon/pkg/policyfilter/cgroupid.go:26.65,31.3 1 0
github.com/cilium/tetragon/pkg/policyfilter/cgroupid.go:31.8,31.23 1 0
github.com/cilium/tetragon/pkg/policyfilter/cgroupid.go:31.23,33.3 1 0
github.com/cilium/tetragon/pkg/policyfilter/debug.go:19.43,24.2 3 1
github.com/cilium/tetragon/pkg/policyfilter/debug.go:30.70,31.44 1 1
github.com/cilium/tetragon/pkg/policyfilter/debug.go:35.2,36.33 2 0
github.com/cilium/tetragon/pkg/policyfilter/debug.go:46.2,46.12 1 0
github.com/cilium/tetragon/pkg/policyfilter/debug.go:31.44,33.3 1 1
github.com/cilium/tetragon/pkg/policyfilter/debug.go:36.33,38.10 2 0
github.com/cilium/tetragon/pkg/policyfilter/debug.go:41.3,43.38 3 0
github.com/cilium/tetragon/pkg/policyfilter/debug.go:38.10,40.4 1 0
github.com/cilium/tetragon/pkg/policyfilter/debug.go:49.44,50.43 1 0
github.com/cilium/tetragon/pkg/policyfilter/debug.go:50.43,52.3 1 0
github.com/cilium/tetragon/pkg/policyfilter/debug.go:52.8,54.3 1 0
github.com/cilium/tetragon/pkg/policyfilter/debug.go:57.57,58.43 1 0
github.com/cilium/tetragon/pkg/policyfilter/debug.go:58.43,60.3 1 0
github.com/cilium/tetragon/pkg/policyfilter/debug.go:60.8,62.3 1 0
github.com/cilium/tetragon/pkg/policyfilter/dummy.go:16.102,18.2 1 0
github.com/cilium/tetragon/pkg/policyfilter/dummy.go:20.49,22.2 1 0
github.com/cilium/tetragon/pkg/policyfilter/dummy.go:24.131,26.2 1 0
github.com/cilium/tetragon/pkg/policyfilter/dummy.go:28.112,30.2 1 0
github.com/cilium/tetragon/pkg/policyfilter/dummy.go:32.72,34.2 1 0
github.com/cilium/tetragon/pkg/policyfilter/dummy.go:36.43,38.2 1 0
github.com/cilium/tetragon/pkg/policyfilter/dummy.go:40.77,41.2 0 0
github.com/cilium/tetragon/pkg/policyfilter/dummy.go:43.31,45.2 1 0
github.com/cilium/tetragon/pkg/policyfilter/map.go:31.32,36.16 4 1
github.com/cilium/tetragon/pkg/policyfilter/map.go:39.2,40.9 2 1
github.com/cilium/tetragon/pkg/policyfilter/map.go:47.2,50.16 3 1
github.com/cilium/tetragon/pkg/policyfilter/map.go:54.2,59.16 6 1
github.com/cilium/tetragon/pkg/policyfilter/map.go:64.2,64.24 1 1
github.com/cilium/tetragon/pkg/policyfilter/map.go:36.16,38.3 1 0
github.com/cilium/tetragon/pkg/policyfilter/map.go:40.9,42.3 1 0
github.com/cilium/tetragon/pkg/policyfilter/map.go:50.16,52.3 1 0
github.com/cilium/tetragon/pkg/policyfilter/map.go:59.16,62.3 2 0
github.com/cilium/tetragon/pkg/policyfilter/map.go:68.32,69.34 1 1
github.com/cilium/tetragon/pkg/policyfilter/map.go:73.2,73.34 1 1
github.com/cilium/tetragon/pkg/policyfilter/map.go:77.2,77.12 1 1
github.com/cilium/tetragon/pkg/policyfilter/map.go:69.34,71.3 1 0
github.com/cilium/tetragon/pkg/policyfilter/map.go:73.34,75.3 1 0
github.com/cilium/tetragon/pkg/policyfilter/map.go:81.79,92.16 4 1
github.com/cilium/tetragon/pkg/policyfilter/map.go:97.2,98.48 2 1
github.com/cilium/tetragon/pkg/policyfilter/map.go:105.2,105.78 1 1
github.com/cilium/tetragon/pkg/policyfilter/map.go:110.2,110.17 1 1
github.com/cilium/tetragon/pkg/policyfilter/map.go:92.16,94.3 1 0
github.com/cilium/tetragon/pkg/policyfilter/map.go:98.48,101.3 2 0
github.com/cilium/tetragon/pkg/policyfilter/map.go:105.78,108.3 2 1
github.com/cilium/tetragon/pkg/policyfilter/map.go:113.70,115.62 1 1
github.com/cilium/tetragon/pkg/policyfilter/map.go:139.2,144.27 5 1
github.com/cilium/tetragon/pkg/policyfilter/map.go:152.2,152.35 1 1
github.com/cilium/tetragon/pkg/policyfilter/map.go:156.2,156.17 1 1
github.com/cilium/tetragon/pkg/policyfilter/map.go:115.62,117.17 2 1
github.com/cilium/tetragon/pkg/policyfilter/map.go:120.3,127.31 6 1
github.com/cilium/tetragon/pkg/policyfilter/map.go:131.3,131.38 1 1
github.com/cilium/tetragon/pkg/policyfilter/map.go:135.3,135.18 1 1
github.com/cilium/tetragon/pkg/policyfilter/map.go:117.17,119.4 1 0
github.com/cilium/tetragon/pkg/policyfilter/map.go:127.31,129.4 1 1
github.com/cilium/tetragon/pkg/policyfilter/map.go:131.38,133.4 1 0
github.com/cilium/tetragon/pkg/policyfilter/map.go:144.27,146.17 2 1
github.com/cilium/tetragon/pkg/policyfilter/map.go:149.3,149.19 1 1
github.com/cilium/tetragon/pkg/policyfilter/map.go:146.17,148.4 1 0
github.com/cilium/tetragon/pkg/policyfilter/map.go:152.35,154.3 1 0
github.com/cilium/tetragon/pkg/policyfilter/map.go:170.37,172.2 1 0
github.com/cilium/tetragon/pkg/policyfilter/map.go:174.37,176.2 1 0
github.com/cilium/tetragon/pkg/policyfilter/map.go:180.54,182.29 2 1
github.com/cilium/tetragon/pkg/policyfilter/map.go:191.2,191.12 1 1
github.com/cilium/tetragon/pkg/policyfilter/map.go:182.29,183.63 1 1
github.com/cilium/tetragon/pkg/policyfilter/map.go:183.63,188.4 1 0
github.com/cilium/tetragon/pkg/policyfilter/map.go:196.54,197.29 1 1
github.com/cilium/tetragon/pkg/policyfilter/map.go:206.2,206.12 1 1
github.com/cilium/tetragon/pkg/policyfilter/map.go:197.29,198.41 1 1
github.com/cilium/tetragon/pkg/policyfilter/map.go:198.41,203.4 1 0
github.com/cilium/tetragon/pkg/policyfilter/map.go:209.43,214.16 2 0
github.com/cilium/tetragon/pkg/policyfilter/map.go:218.2,218.22 1 0
github.com/cilium/tetragon/pkg/policyfilter/map.go:214.16,216.3 1 0
github.com/cilium/tetragon/pkg/policyfilter/map.go:221.67,223.2 1 0
github.com/cilium/tetragon/pkg/policyfilter/podhelpers.go:13.71,14.38 1 1
github.com/cilium/tetragon/pkg/policyfilter/podhelpers.go:20.2,22.44 3 1
github.com/cilium/tetragon/pkg/policyfilter/podhelpers.go:14.38,15.20 1 1
github.com/cilium/tetragon/pkg/policyfilter/podhelpers.go:15.20,17.4 1 1
github.com/cilium/tetragon/pkg/policyfilter/podhelpers.go:25.67,27.49 2 1
github.com/cilium/tetragon/pkg/policyfilter/podhelpers.go:30.2,30.12 1 1
github.com/cilium/tetragon/pkg/policyfilter/podhelpers.go:27.49,29.3 1 0
github.com/cilium/tetragon/pkg/policyfilter/podhelpers.go:33.45,35.55 2 1
github.com/cilium/tetragon/pkg/policyfilter/podhelpers.go:39.2,39.12 1 1
github.com/cilium/tetragon/pkg/policyfilter/podhelpers.go:35.55,38.3 2 1
github.com/cilium/tetragon/pkg/policyfilter/policyfilter.go:22.32,23.24 1 0
github.com/cilium/tetragon/pkg/policyfilter/policyfilter.go:32.2,32.29 1 0
github.com/cilium/tetragon/pkg/policyfilter/policyfilter.go:23.24,24.39 1 0
github.com/cilium/tetragon/pkg/policyfilter/policyfilter.go:24.39,27.4 2 0
github.com/cilium/tetragon/pkg/policyfilter/policyfilter.go:27.9,30.4 2 0
github.com/cilium/tetragon/pkg/policyfilter/policyfilter.go:40.33,41.22 1 0
github.com/cilium/tetragon/pkg/policyfilter/policyfilter.go:44.2,44.38 1 0
github.com/cilium/tetragon/pkg/policyfilter/policyfilter.go:41.22,43.3 1 0
github.com/cilium/tetragon/pkg/policyfilter/policyfilter.go:44.38,47.3 2 0
github.com/cilium/tetragon/pkg/policyfilter/policyfilter.go:47.8,50.3 2 0
